============================= test session starts ==============================
platform darwin -- Python 3.9.12, pytest-7.1.3, pluggy-1.0.0
rootdir: /Users/bolundai/Documents/Miniworld
collected 56 items

tests/test_miniworld.py ................................................ [ 85%]
........                                                                 [100%]

=============================== warnings summary ===============================
tests/test_miniworld.py::test_miniworld
  /Users/bolundai/Documents/miniworld_env/lib/python3.9/site-packages/gym/utils/passive_env_checker.py:289: UserWarning: [33mWARN: No render fps was declared in the environment (env.metadata['render_fps'] is None or not defined), rendering may occur at inconsistent fps.[0m
    logger.warn(

-- Docs: https://docs.pytest.org/en/stable/how-to/capture-warnings.html
======================== 56 passed, 1 warning in 10.25s ========================
